2020-08-03 14:37:39.354  INFO 7056 --- [main] c.xiaoi.exp.voice.VoiceDemoApplication   : Starting VoiceDemoApplication on jarek-feng with PID 7056 (D:\idea-ibotui\voice_demo\target\classes started by jarek.feng in D:\idea-ibotui\voice_demo)
2020-08-03 14:37:39.363  INFO 7056 --- [main] c.xiaoi.exp.voice.VoiceDemoApplication   : No active profile set, falling back to default profiles: default
2020-08-03 14:37:40.761  INFO 7056 --- [main] o.s.b.w.embedded.tomcat.TomcatWebServer  : Tomcat initialized with port(s): 9999 (http)
2020-08-03 14:37:40.773  INFO 7056 --- [main] o.apache.catalina.core.StandardService   : Starting service [Tomcat]
2020-08-03 14:37:40.773  INFO 7056 --- [main] org.apache.catalina.core.StandardEngine  : Starting Servlet engine: [Apache Tomcat/9.0.35]
2020-08-03 14:37:40.940  INFO 7056 --- [main] o.a.c.c.C.[Tomcat].[localhost].[/dev]    : Initializing Spring embedded WebApplicationContext
2020-08-03 14:37:40.941  INFO 7056 --- [main] o.s.web.context.ContextLoader            : Root WebApplicationContext: initialization completed in 1498 ms
2020-08-03 14:37:41.187  INFO 7056 --- [main] o.s.s.concurrent.ThreadPoolTaskExecutor  : Initializing ExecutorService 'applicationTaskExecutor'
2020-08-03 14:37:41.280  INFO 7056 --- [main] o.s.b.a.w.s.WelcomePageHandlerMapping    : Adding welcome page template: index
2020-08-03 14:37:41.446  INFO 7056 --- [main] o.s.b.w.embedded.tomcat.TomcatWebServer  : Tomcat started on port(s): 9999 (http) with context path '/dev'
2020-08-03 14:37:41.458  INFO 7056 --- [main] c.xiaoi.exp.voice.VoiceDemoApplication   : Started VoiceDemoApplication in 3.203 seconds (JVM running for 6.397)
2020-08-03 14:38:05.852  INFO 7056 --- [http-nio-9999-exec-1] o.a.c.c.C.[Tomcat].[localhost].[/dev]    : Initializing Spring DispatcherServlet 'dispatcherServlet'
2020-08-03 14:38:05.853  INFO 7056 --- [http-nio-9999-exec-1] o.s.web.servlet.DispatcherServlet        : Initializing Servlet 'dispatcherServlet'
2020-08-03 14:38:05.858  INFO 7056 --- [http-nio-9999-exec-1] o.s.web.servlet.DispatcherServlet        : Completed initialization in 5 ms
2020-08-03 15:08:32.117  INFO 17316 --- [main] c.xiaoi.exp.voice.VoiceDemoApplication   : Starting VoiceDemoApplication on jarek-feng with PID 17316 (D:\idea-ibotui\voice_demo\target\classes started by jarek.feng in D:\idea-ibotui\voice_demo)
2020-08-03 15:08:32.120  INFO 17316 --- [main] c.xiaoi.exp.voice.VoiceDemoApplication   : No active profile set, falling back to default profiles: default
2020-08-03 15:08:33.071  INFO 17316 --- [main] o.s.b.w.embedded.tomcat.TomcatWebServer  : Tomcat initialized with port(s): 9999 (http)
2020-08-03 15:08:33.080  INFO 17316 --- [main] o.apache.catalina.core.StandardService   : Starting service [Tomcat]
2020-08-03 15:08:33.080  INFO 17316 --- [main] org.apache.catalina.core.StandardEngine  : Starting Servlet engine: [Apache Tomcat/9.0.35]
2020-08-03 15:08:33.217  INFO 17316 --- [main] o.a.c.c.C.[Tomcat].[localhost].[/dev]    : Initializing Spring embedded WebApplicationContext
2020-08-03 15:08:33.217  INFO 17316 --- [main] o.s.web.context.ContextLoader            : Root WebApplicationContext: initialization completed in 1048 ms
2020-08-03 15:08:33.444  INFO 17316 --- [main] o.s.s.concurrent.ThreadPoolTaskExecutor  : Initializing ExecutorService 'applicationTaskExecutor'
2020-08-03 15:08:33.545  INFO 17316 --- [main] o.s.b.a.w.s.WelcomePageHandlerMapping    : Adding welcome page template: index
2020-08-03 15:08:33.695  INFO 17316 --- [main] o.s.b.w.embedded.tomcat.TomcatWebServer  : Tomcat started on port(s): 9999 (http) with context path '/dev'
2020-08-03 15:08:33.704  INFO 17316 --- [main] c.xiaoi.exp.voice.VoiceDemoApplication   : Started VoiceDemoApplication in 2.688 seconds (JVM running for 4.118)
2020-08-03 15:09:32.118  INFO 18416 --- [main] c.xiaoi.exp.voice.VoiceDemoApplication   : Starting VoiceDemoApplication on jarek-feng with PID 18416 (D:\idea-ibotui\voice_demo\target\classes started by jarek.feng in D:\idea-ibotui\voice_demo)
2020-08-03 15:09:32.120  INFO 18416 --- [main] c.xiaoi.exp.voice.VoiceDemoApplication   : No active profile set, falling back to default profiles: default
2020-08-03 15:09:33.014  INFO 18416 --- [main] o.s.b.w.embedded.tomcat.TomcatWebServer  : Tomcat initialized with port(s): 9999 (http)
2020-08-03 15:09:33.022  INFO 18416 --- [main] o.apache.catalina.core.StandardService   : Starting service [Tomcat]
2020-08-03 15:09:33.022  INFO 18416 --- [main] org.apache.catalina.core.StandardEngine  : Starting Servlet engine: [Apache Tomcat/9.0.35]
2020-08-03 15:09:33.148  INFO 18416 --- [main] o.a.c.c.C.[Tomcat].[localhost].[/dev]    : Initializing Spring embedded WebApplicationContext
2020-08-03 15:09:33.148  INFO 18416 --- [main] o.s.web.context.ContextLoader            : Root WebApplicationContext: initialization completed in 985 ms
2020-08-03 15:09:33.322  INFO 18416 --- [main] o.s.s.concurrent.ThreadPoolTaskExecutor  : Initializing ExecutorService 'applicationTaskExecutor'
2020-08-03 15:09:33.395  INFO 18416 --- [main] o.s.b.a.w.s.WelcomePageHandlerMapping    : Adding welcome page template: index
2020-08-03 15:09:33.501  INFO 18416 --- [main] o.s.b.w.embedded.tomcat.TomcatWebServer  : Tomcat started on port(s): 9999 (http) with context path '/dev'
2020-08-03 15:09:33.510  INFO 18416 --- [main] c.xiaoi.exp.voice.VoiceDemoApplication   : Started VoiceDemoApplication in 2.491 seconds (JVM running for 3.923)
2020-08-03 15:10:18.997  INFO 18416 --- [http-nio-9999-exec-1] o.a.c.c.C.[Tomcat].[localhost].[/dev]    : Initializing Spring DispatcherServlet 'dispatcherServlet'
2020-08-03 15:10:18.997  INFO 18416 --- [http-nio-9999-exec-1] o.s.web.servlet.DispatcherServlet        : Initializing Servlet 'dispatcherServlet'
2020-08-03 15:10:19.002  INFO 18416 --- [http-nio-9999-exec-1] o.s.web.servlet.DispatcherServlet        : Completed initialization in 5 ms
2020-08-03 15:12:04.947  INFO 15524 --- [main] c.xiaoi.exp.voice.VoiceDemoApplication   : Starting VoiceDemoApplication on jarek-feng with PID 15524 (D:\idea-ibotui\voice_demo\target\classes started by jarek.feng in D:\idea-ibotui\voice_demo)
2020-08-03 15:12:04.950  INFO 15524 --- [main] c.xiaoi.exp.voice.VoiceDemoApplication   : No active profile set, falling back to default profiles: default
2020-08-03 15:12:06.004  INFO 15524 --- [main] o.s.b.w.embedded.tomcat.TomcatWebServer  : Tomcat initialized with port(s): 9999 (http)
2020-08-03 15:12:06.012  INFO 15524 --- [main] o.apache.catalina.core.StandardService   : Starting service [Tomcat]
2020-08-03 15:12:06.013  INFO 15524 --- [main] org.apache.catalina.core.StandardEngine  : Starting Servlet engine: [Apache Tomcat/9.0.35]
2020-08-03 15:12:06.134  INFO 15524 --- [main] o.a.c.c.C.[Tomcat].[localhost].[/dev]    : Initializing Spring embedded WebApplicationContext
2020-08-03 15:12:06.134  INFO 15524 --- [main] o.s.web.context.ContextLoader            : Root WebApplicationContext: initialization completed in 1133 ms
2020-08-03 15:12:06.292  INFO 15524 --- [main] o.s.s.concurrent.ThreadPoolTaskExecutor  : Initializing ExecutorService 'applicationTaskExecutor'
2020-08-03 15:12:06.347  INFO 15524 --- [main] o.s.b.a.w.s.WelcomePageHandlerMapping    : Adding welcome page template: index
2020-08-03 15:12:06.441  INFO 15524 --- [main] o.s.b.w.embedded.tomcat.TomcatWebServer  : Tomcat started on port(s): 9999 (http) with context path '/dev'
2020-08-03 15:12:06.450  INFO 15524 --- [main] c.xiaoi.exp.voice.VoiceDemoApplication   : Started VoiceDemoApplication in 2.167 seconds (JVM running for 3.701)
2020-08-03 15:12:34.558  INFO 15524 --- [http-nio-9999-exec-1] o.a.c.c.C.[Tomcat].[localhost].[/dev]    : Initializing Spring DispatcherServlet 'dispatcherServlet'
2020-08-03 15:12:34.558  INFO 15524 --- [http-nio-9999-exec-1] o.s.web.servlet.DispatcherServlet        : Initializing Servlet 'dispatcherServlet'
2020-08-03 15:12:34.564  INFO 15524 --- [http-nio-9999-exec-1] o.s.web.servlet.DispatcherServlet        : Completed initialization in 6 ms
2020-08-03 15:21:05.834  INFO 18260 --- [main] c.xiaoi.exp.voice.VoiceDemoApplication   : Starting VoiceDemoApplication on jarek-feng with PID 18260 (D:\idea-ibotui\voice_demo\target\classes started by jarek.feng in D:\idea-ibotui\voice_demo)
2020-08-03 15:21:05.837  INFO 18260 --- [main] c.xiaoi.exp.voice.VoiceDemoApplication   : No active profile set, falling back to default profiles: default
2020-08-03 15:21:06.901  INFO 18260 --- [main] o.s.b.w.embedded.tomcat.TomcatWebServer  : Tomcat initialized with port(s): 9999 (http)
2020-08-03 15:21:06.909  INFO 18260 --- [main] o.apache.catalina.core.StandardService   : Starting service [Tomcat]
2020-08-03 15:21:06.909  INFO 18260 --- [main] org.apache.catalina.core.StandardEngine  : Starting Servlet engine: [Apache Tomcat/9.0.35]
2020-08-03 15:21:07.031  INFO 18260 --- [main] o.a.c.c.C.[Tomcat].[localhost].[/dev]    : Initializing Spring embedded WebApplicationContext
2020-08-03 15:21:07.031  INFO 18260 --- [main] o.s.web.context.ContextLoader            : Root WebApplicationContext: initialization completed in 1137 ms
2020-08-03 15:21:07.192  INFO 18260 --- [main] o.s.s.concurrent.ThreadPoolTaskExecutor  : Initializing ExecutorService 'applicationTaskExecutor'
2020-08-03 15:21:07.247  INFO 18260 --- [main] o.s.b.a.w.s.WelcomePageHandlerMapping    : Adding welcome page template: index
2020-08-03 15:21:07.347  INFO 18260 --- [main] o.s.b.w.embedded.tomcat.TomcatWebServer  : Tomcat started on port(s): 9999 (http) with context path '/dev'
2020-08-03 15:21:07.356  INFO 18260 --- [main] c.xiaoi.exp.voice.VoiceDemoApplication   : Started VoiceDemoApplication in 2.181 seconds (JVM running for 3.775)
2020-08-03 15:21:14.133  INFO 18260 --- [http-nio-9999-exec-1] o.a.c.c.C.[Tomcat].[localhost].[/dev]    : Initializing Spring DispatcherServlet 'dispatcherServlet'
2020-08-03 15:21:14.133  INFO 18260 --- [http-nio-9999-exec-1] o.s.web.servlet.DispatcherServlet        : Initializing Servlet 'dispatcherServlet'
2020-08-03 15:21:14.138  INFO 18260 --- [http-nio-9999-exec-1] o.s.web.servlet.DispatcherServlet        : Completed initialization in 4 ms
2020-08-03 15:23:44.991  INFO 18828 --- [main] c.xiaoi.exp.voice.VoiceDemoApplication   : Starting VoiceDemoApplication on jarek-feng with PID 18828 (D:\idea-ibotui\voice_demo\target\classes started by jarek.feng in D:\idea-ibotui\voice_demo)
2020-08-03 15:23:44.997  INFO 18828 --- [main] c.xiaoi.exp.voice.VoiceDemoApplication   : No active profile set, falling back to default profiles: default
2020-08-03 15:23:46.150  INFO 18828 --- [main] o.s.b.w.embedded.tomcat.TomcatWebServer  : Tomcat initialized with port(s): 9999 (http)
2020-08-03 15:23:46.160  INFO 18828 --- [main] o.apache.catalina.core.StandardService   : Starting service [Tomcat]
2020-08-03 15:23:46.160  INFO 18828 --- [main] org.apache.catalina.core.StandardEngine  : Starting Servlet engine: [Apache Tomcat/9.0.35]
2020-08-03 15:23:46.280  INFO 18828 --- [main] o.a.c.c.C.[Tomcat].[localhost].[/dev]    : Initializing Spring embedded WebApplicationContext
2020-08-03 15:23:46.281  INFO 18828 --- [main] o.s.web.context.ContextLoader            : Root WebApplicationContext: initialization completed in 1192 ms
2020-08-03 15:23:46.441  INFO 18828 --- [main] o.s.s.concurrent.ThreadPoolTaskExecutor  : Initializing ExecutorService 'applicationTaskExecutor'
2020-08-03 15:23:46.504  INFO 18828 --- [main] o.s.b.a.w.s.WelcomePageHandlerMapping    : Adding welcome page template: index
2020-08-03 15:23:46.603  INFO 18828 --- [main] o.s.b.w.embedded.tomcat.TomcatWebServer  : Tomcat started on port(s): 9999 (http) with context path '/dev'
2020-08-03 15:23:46.612  INFO 18828 --- [main] c.xiaoi.exp.voice.VoiceDemoApplication   : Started VoiceDemoApplication in 2.413 seconds (JVM running for 4.147)
2020-08-03 15:23:52.463  INFO 18828 --- [http-nio-9999-exec-1] o.a.c.c.C.[Tomcat].[localhost].[/dev]    : Initializing Spring DispatcherServlet 'dispatcherServlet'
2020-08-03 15:23:52.463  INFO 18828 --- [http-nio-9999-exec-1] o.s.web.servlet.DispatcherServlet        : Initializing Servlet 'dispatcherServlet'
2020-08-03 15:23:52.469  INFO 18828 --- [http-nio-9999-exec-1] o.s.web.servlet.DispatcherServlet        : Completed initialization in 5 ms
2020-08-03 15:26:35.082  INFO 17928 --- [main] c.xiaoi.exp.voice.VoiceDemoApplication   : Starting VoiceDemoApplication on jarek-feng with PID 17928 (D:\idea-ibotui\voice_demo\target\classes started by jarek.feng in D:\idea-ibotui\voice_demo)
2020-08-03 15:26:35.088  INFO 17928 --- [main] c.xiaoi.exp.voice.VoiceDemoApplication   : No active profile set, falling back to default profiles: default
2020-08-03 15:26:36.217  INFO 17928 --- [main] o.s.b.w.embedded.tomcat.TomcatWebServer  : Tomcat initialized with port(s): 9999 (http)
2020-08-03 15:26:36.225  INFO 17928 --- [main] o.apache.catalina.core.StandardService   : Starting service [Tomcat]
2020-08-03 15:26:36.225  INFO 17928 --- [main] org.apache.catalina.core.StandardEngine  : Starting Servlet engine: [Apache Tomcat/9.0.35]
2020-08-03 15:26:36.352  INFO 17928 --- [main] o.a.c.c.C.[Tomcat].[localhost].[/dev]    : Initializing Spring embedded WebApplicationContext
2020-08-03 15:26:36.353  INFO 17928 --- [main] o.s.web.context.ContextLoader            : Root WebApplicationContext: initialization completed in 1198 ms
2020-08-03 15:26:36.535  INFO 17928 --- [main] o.s.s.concurrent.ThreadPoolTaskExecutor  : Initializing ExecutorService 'applicationTaskExecutor'
2020-08-03 15:26:36.603  INFO 17928 --- [main] o.s.b.a.w.s.WelcomePageHandlerMapping    : Adding welcome page template: index
2020-08-03 15:26:36.727  INFO 17928 --- [main] o.s.b.w.embedded.tomcat.TomcatWebServer  : Tomcat started on port(s): 9999 (http) with context path '/dev'
2020-08-03 15:26:36.738  INFO 17928 --- [main] c.xiaoi.exp.voice.VoiceDemoApplication   : Started VoiceDemoApplication in 2.297 seconds (JVM running for 3.796)
2020-08-03 15:27:05.249  INFO 17928 --- [http-nio-9999-exec-1] o.a.c.c.C.[Tomcat].[localhost].[/dev]    : Initializing Spring DispatcherServlet 'dispatcherServlet'
2020-08-03 15:27:05.249  INFO 17928 --- [http-nio-9999-exec-1] o.s.web.servlet.DispatcherServlet        : Initializing Servlet 'dispatcherServlet'
2020-08-03 15:27:05.257  INFO 17928 --- [http-nio-9999-exec-1] o.s.web.servlet.DispatcherServlet        : Completed initialization in 7 ms
